g:\repos\c++ repos\echiquier\echiquier\x64\debug\vc142.pdb
g:\repos\c++ repos\echiquier\echiquier\x64\debug\vc142.idb
g:\repos\c++ repos\echiquier\echiquier\x64\debug\windowmanager.obj
g:\repos\c++ repos\echiquier\echiquier\x64\debug\texturemanager.obj
g:\repos\c++ repos\echiquier\echiquier\x64\debug\soundmanager.obj
g:\repos\c++ repos\echiquier\echiquier\x64\debug\minmax.obj
g:\repos\c++ repos\echiquier\echiquier\x64\debug\mainscene.obj
g:\repos\c++ repos\echiquier\echiquier\x64\debug\main.obj
g:\repos\c++ repos\echiquier\echiquier\x64\debug\inputmanager.obj
g:\repos\c++ repos\echiquier\echiquier\x64\debug\huffmancoder.obj
g:\repos\c++ repos\echiquier\echiquier\x64\debug\player.obj
g:\repos\c++ repos\echiquier\echiquier\x64\debug\pieces.obj
g:\repos\c++ repos\echiquier\echiquier\x64\debug\computer.obj
g:\repos\c++ repos\echiquier\echiquier\x64\debug\board.obj
g:\repos\c++ repos\echiquier\echiquier\x64\debug\piecesmanager.obj
g:\repos\c++ repos\echiquier\echiquier\x64\debug\pawn.obj
g:\repos\c++ repos\echiquier\echiquier\x64\debug\possibleplacements.obj
g:\repos\c++ repos\echiquier\echiquier\x64\debug\rook.obj
g:\repos\c++ repos\echiquier\echiquier\x64\debug\knight.obj
g:\repos\c++ repos\echiquier\echiquier\x64\debug\king.obj
g:\repos\c++ repos\echiquier\echiquier\x64\debug\queen.obj
g:\repos\c++ repos\echiquier\echiquier\x64\debug\bishop.obj
g:\repos\c++ repos\echiquier\echiquier\x64\debug\vector2d.obj
g:\repos\c++ repos\echiquier\x64\debug\echiquier.exe
g:\repos\c++ repos\echiquier\x64\debug\echiquier.ilk
g:\repos\c++ repos\echiquier\x64\debug\echiquier.pdb
g:\repos\c++ repos\echiquier\echiquier\x64\debug\mainscene.obj.enc
g:\repos\c++ repos\echiquier\echiquier\x64\debug\pieces.new.obj.enc
g:\repos\c++ repos\echiquier\echiquier\x64\debug\piecesmanager.obj.enc
g:\repos\c++ repos\echiquier\echiquier\x64\debug\player.new.obj.enc
g:\repos\c++ repos\echiquier\echiquier\x64\debug\echiquier.tlog\cl.command.1.tlog
g:\repos\c++ repos\echiquier\echiquier\x64\debug\echiquier.tlog\cl.read.1.tlog
g:\repos\c++ repos\echiquier\echiquier\x64\debug\echiquier.tlog\cl.write.1.tlog
g:\repos\c++ repos\echiquier\echiquier\x64\debug\echiquier.tlog\link.command.1.tlog
g:\repos\c++ repos\echiquier\echiquier\x64\debug\echiquier.tlog\link.read.1.tlog
g:\repos\c++ repos\echiquier\echiquier\x64\debug\echiquier.tlog\link.write.1.tlog
